<?xml version="1.0" encoding="UTF-8"?>
<testng-results ignored="0" total="1" passed="1" failed="0" skipped="0">
  <reporter-output>
  </reporter-output>
  <suite started-at="2022-05-04T16:08:21 IST" name="Default suite" finished-at="2022-05-04T16:08:27 IST" duration-ms="5336">
    <groups>
    </groups>
    <test started-at="2022-05-04T16:08:21 IST" name="Default test" finished-at="2022-05-04T16:08:27 IST" duration-ms="5336">
      <class name="dsa.tre">
        <test-method signature="tc1()[pri:0, instance:dsa.tre@59d016c9]" started-at="2022-05-04T16:08:21 IST" name="tc1" finished-at="2022-05-04T16:08:27 IST" duration-ms="5301" status="PASS">
          <reporter-output>
          </reporter-output>
        </test-method> <!-- tc1 -->
      </class> <!-- dsa.tre -->
    </test> <!-- Default test -->
  </suite> <!-- Default suite -->
</testng-results>
